<?xml version="1.0" encoding="UTF-8"?>
<!-- Generated by org.testng.reporters.JUnitReportReporter -->
<testsuite hostname="DESKTOP-76MRH74" failures="0" tests="1" name="Docker.dockerwithAndroidchrome" time="8.931" errors="0" timestamp="2023-11-19T18:48:41 IST" skipped="0">
  <testcase classname="Docker.dockerwithAndroidchrome" name="testmobileview" time="8.931"/>
</testsuite> <!-- Docker.dockerwithAndroidchrome -->
