<?xml version="1.0" encoding="UTF-8"?>
<!-- Generated by org.testng.reporters.JUnitReportReporter -->
<testsuite hostname="Jarvis" failures="0" tests="1" name="Docker.dockerwithchrome" time="29.223" errors="0" timestamp="2023-10-23T19:11:55 IST" skipped="0">
  <testcase classname="Docker.dockerwithchrome" name="chrometest" time="29.223"/>
</testsuite> <!-- Docker.dockerwithchrome -->
