<?xml version="1.0" encoding="UTF-8"?>
<!-- Generated by org.testng.reporters.JUnitReportReporter -->
<testsuite hostname="Jarvis" failures="0" tests="1" name="Docker.dockerwithedge" time="34.922" errors="0" timestamp="2023-10-23T19:11:55 IST" skipped="0">
  <testcase classname="Docker.dockerwithedge" name="edgetest" time="34.922"/>
</testsuite> <!-- Docker.dockerwithedge -->
